<?xml version="1.0" encoding="UTF-8"?>
<!-- Generated by org.testng.reporters.JUnitReportReporter -->
<testsuite hostname="Abhays-MacBook-Pro.local" failures="0" tests="1" name="testcases.FlightTest" time="9.299" errors="0" timestamp="29 Jun 2020 12:40:37 GMT" skipped="0">
  <testcase classname="testcases.FlightTest" name="searchFlights" time="9.299"/>
</testsuite> <!-- testcases.FlightTest -->
