<?xml version="1.0" encoding="UTF-8"?>
<!-- Generated by org.testng.reporters.JUnitReportReporter -->
<testsuite hostname="Abhays-MacBook-Pro.local" failures="0" tests="1" name="testcases.LaunchTest" time="11.141" errors="0" timestamp="29 Jun 2020 12:40:37 GMT" skipped="0">
  <testcase classname="testcases.LaunchTest" name="executeLaunch" time="11.141"/>
</testsuite> <!-- testcases.LaunchTest -->
